# JRE version: OpenJDK Runtime Environment (19.0.1+10) (build 19.0.1+10-21)
# Java VM: OpenJDK 64-Bit Server VM (19.0.1+10-21, mixed mode, sharing, tiered, compressed oops, compressed class ptrs, g1 gc, windows-amd64)
GC Precious Log:
 CardTable entry size: 512
 Card Set container configuration: InlinePtr #cards 5 size 8 Array Of Cards #cards 12 size 40 Howl #buckets 4 coarsen threshold 1843 Howl Bitmap #cards 512 size 80 coarsen threshold 460 Card regions per heap region 1 cards per card region 2048
 CPUs: 8 total, 8 available
 Memory: 14284M
 Large Page Support: Disabled
 NUMA Support: Disabled
 Compressed Oops: Enabled (32-bit)
 Heap Region Size: 1M
 Heap Min Capacity: 8M
 Heap Initial Capacity: 224M
 Heap Max Capacity: 2G
 Pre-touch: Disabled
 Parallel Workers: 8
 Concurrent Workers: 2
 Concurrent Refinement Workers: 8
 Periodic GC: Disabled
Heap:
 garbage-first heap   total 178176K, used 129761K [0x0000000080000000, 0x0000000100000000)
  region size 1024K, 48 young (49152K), 2 survivors (2048K)
 Metaspace       used 84341K, committed 86336K, reserved 1179648K
  class space    used 11386K, committed 12416K, reserved 1048576K
GC Heap History (20 events):
Event: 21.601 GC heap before
{Heap before GC invocations=21 (full 0):
 garbage-first heap   total 87040K, used 51909K [0x0000000080000000, 0x0000000100000000)
  region size 1024K, 4 young (4096K), 2 survivors (2048K)
 Metaspace       used 58056K, committed 59584K, reserved 1114112K
  class space    used 7684K, committed 8448K, reserved 1048576K
}
Event: 21.604 GC heap after
{Heap after GC invocations=22 (full 0):
 garbage-first heap   total 87040K, used 49448K [0x0000000080000000, 0x0000000100000000)
  region size 1024K, 1 young (1024K), 1 survivors (1024K)
 Metaspace       used 58056K, committed 59584K, reserved 1114112K
  class space    used 7684K, committed 8448K, reserved 1048576K
}
Event: 21.941 GC heap before
{Heap before GC invocations=22 (full 0):
 garbage-first heap   total 87040K, used 64808K [0x0000000080000000, 0x0000000100000000)
  region size 1024K, 18 young (18432K), 1 survivors (1024K)
 Metaspace       used 60918K, committed 62592K, reserved 1114112K
  class space    used 8051K, committed 8896K, reserved 1048576K
}
Event: 21.944 GC heap after
{Heap after GC invocations=23 (full 0):
 garbage-first heap   total 87040K, used 51395K [0x0000000080000000, 0x0000000100000000)
  region size 1024K, 3 young (3072K), 3 survivors (3072K)
 Metaspace       used 60918K, committed 62592K, reserved 1114112K
  class space    used 8051K, committed 8896K, reserved 1048576K
}
Event: 22.090 GC heap before
{Heap before GC invocations=24 (full 0):
 garbage-first heap   total 119808K, used 74947K [0x0000000080000000, 0x0000000100000000)
  region size 1024K, 20 young (20480K), 3 survivors (3072K)
 Metaspace       used 61640K, committed 63296K, reserved 1114112K
  class space    used 8154K, committed 8960K, reserved 1048576K
}
Event: 22.093 GC heap after
{Heap after GC invocations=25 (full 0):
 garbage-first heap   total 119808K, used 53336K [0x0000000080000000, 0x0000000100000000)
  region size 1024K, 3 young (3072K), 3 survivors (3072K)
 Metaspace       used 61640K, committed 63296K, reserved 1114112K
  class space    used 8154K, committed 8960K, reserved 1048576K
}
Event: 22.127 GC heap before
{Heap before GC invocations=25 (full 0):
 garbage-first heap   total 119808K, used 55384K [0x0000000080000000, 0x0000000100000000)
  region size 1024K, 5 young (5120K), 3 survivors (3072K)
 Metaspace       used 61933K, committed 63552K, reserved 1114112K
  class space    used 8180K, committed 9024K, reserved 1048576K
}
Event: 22.129 GC heap after
{Heap after GC invocations=26 (full 0):
 garbage-first heap   total 119808K, used 53624K [0x0000000080000000, 0x0000000100000000)
  region size 1024K, 1 young (1024K), 1 survivors (1024K)
 Metaspace       used 61933K, committed 63552K, reserved 1114112K
  class space    used 8180K, committed 9024K, reserved 1048576K
}
Event: 22.565 GC heap before
{Heap before GC invocations=26 (full 0):
 garbage-first heap   total 119808K, used 85368K [0x0000000080000000, 0x0000000100000000)
  region size 1024K, 32 young (32768K), 1 survivors (1024K)
 Metaspace       used 64472K, committed 66112K, reserved 1114112K
  class space    used 8466K, committed 9280K, reserved 1048576K
}
Event: 22.568 GC heap after
{Heap after GC invocations=27 (full 0):
 garbage-first heap   total 178176K, used 56192K [0x0000000080000000, 0x0000000100000000)
  region size 1024K, 4 young (4096K), 4 survivors (4096K)
 Metaspace       used 64472K, committed 66112K, reserved 1114112K
  class space    used 8466K, committed 9280K, reserved 1048576K
}
Event: 23.346 GC heap before
{Heap before GC invocations=27 (full 0):
 garbage-first heap   total 178176K, used 119680K [0x0000000080000000, 0x0000000100000000)
  region size 1024K, 66 young (67584K), 4 survivors (4096K)
 Metaspace       used 67487K, committed 69184K, reserved 1114112K
  class space    used 8886K, committed 9728K, reserved 1048576K
}
Event: 23.352 GC heap after
{Heap after GC invocations=28 (full 0):
 garbage-first heap   total 178176K, used 60626K [0x0000000080000000, 0x0000000100000000)
  region size 1024K, 8 young (8192K), 8 survivors (8192K)
 Metaspace       used 67487K, committed 69184K, reserved 1114112K
  class space    used 8886K, committed 9728K, reserved 1048576K
}
Event: 24.285 GC heap before
{Heap before GC invocations=28 (full 0):
 garbage-first heap   total 178176K, used 125138K [0x0000000080000000, 0x0000000100000000)
  region size 1024K, 71 young (72704K), 8 survivors (8192K)
 Metaspace       used 72628K, committed 74496K, reserved 1114112K
  class space    used 9772K, committed 10752K, reserved 1048576K
}
Event: 24.293 GC heap after
{Heap after GC invocations=29 (full 0):
 garbage-first heap   total 178176K, used 65552K [0x0000000080000000, 0x0000000100000000)
  region size 1024K, 9 young (9216K), 9 survivors (9216K)
 Metaspace       used 72628K, committed 74496K, reserved 1114112K
  class space    used 9772K, committed 10752K, reserved 1048576K
}
Event: 25.578 GC heap before
{Heap before GC invocations=29 (full 0):
 garbage-first heap   total 178176K, used 129040K [0x0000000080000000, 0x0000000100000000)
  region size 1024K, 71 young (72704K), 9 survivors (9216K)
 Metaspace       used 79271K, committed 81088K, reserved 1179648K
  class space    used 10696K, committed 11648K, reserved 1048576K
}
Event: 25.587 GC heap after
{Heap after GC invocations=30 (full 0):
 garbage-first heap   total 178176K, used 71651K [0x0000000080000000, 0x0000000100000000)
  region size 1024K, 6 young (6144K), 6 survivors (6144K)
 Metaspace       used 79271K, committed 81088K, reserved 1179648K
  class space    used 10696K, committed 11648K, reserved 1048576K
}
Event: 26.179 GC heap before
{Heap before GC invocations=31 (full 0):
 garbage-first heap   total 178176K, used 133091K [0x0000000080000000, 0x0000000100000000)
  region size 1024K, 66 young (67584K), 6 survivors (6144K)
 Metaspace       used 81718K, committed 83584K, reserved 1179648K
  class space    used 10921K, committed 11904K, reserved 1048576K
}
Event: 26.188 GC heap after
{Heap after GC invocations=32 (full 0):
 garbage-first heap   total 178176K, used 82850K [0x0000000080000000, 0x0000000100000000)
  region size 1024K, 9 young (9216K), 9 survivors (9216K)
 Metaspace       used 81718K, committed 83584K, reserved 1179648K
  class space    used 10921K, committed 11904K, reserved 1048576K
}
Event: 26.199 GC heap before
{Heap before GC invocations=32 (full 0):
 garbage-first heap   total 178176K, used 83874K [0x0000000080000000, 0x0000000100000000)
  region size 1024K, 10 young (10240K), 9 survivors (9216K)
 Metaspace       used 81760K, committed 83648K, reserved 1179648K
  class space    used 10931K, committed 11904K, reserved 1048576K
}
Event: 26.205 GC heap after
{Heap after GC invocations=33 (full 0):
 garbage-first heap   total 178176K, used 84705K [0x0000000080000000, 0x0000000100000000)
  region size 1024K, 2 young (2048K), 2 survivors (2048K)
 Metaspace       used 81760K, committed 83648K, reserved 1179648K
  class space    used 10931K, committed 11904K, reserved 1048576K
}

